<?xml version="1.0" encoding="utf-8"?><testsuites><testsuite errors="0" failures="1" hostname="INBLRNB0299" name="Sample" skipped="6" tests="13" time="0.151" timestamp="2020-01-18T12:16:13.888296"><testcase classname="test_tc1" file="test_tc1.py" line="2" name="test_01" time="0.002"><system-out>test_01
</system-out></testcase><testcase classname="test_tc1" file="test_tc1.py" line="5" name="test_02" time="0.001"><failure message="assert 5 == 7">def test_02():
        print(&quot;test02&quot;)
&gt;       assert 5 == 7
E       assert 5 == 7

test_tc1.py:8: AssertionError</failure><system-out>test02
</system-out></testcase><testcase classname="test_tc1" file="test_tc1.py" line="9" name="test_03" time="0.000"><skipped message="Not yet developed" type="pytest.skip">test_tc1.py:10: Not yet developed</skipped></testcase><testcase classname="test_tc1" file="test_tc1.py" line="13" name="test_04" time="0.001"><skipped message="Not yet developed" type="pytest.skip">test_tc1.py:14: Not yet developed</skipped></testcase><testcase classname="test_tc1" file="test_tc1.py" line="17" name="test_05" time="0.002"><system-out>test05
</system-out></testcase><testcase classname="test_tc2.Test_tc2" file="test_tc2.py" line="3" name="test_02" time="0.001"><system-out>test02
</system-out></testcase><testcase classname="test_tc2.Test_tc2" file="test_tc2.py" line="6" name="test_03" time="0.001"><skipped message="Not yet developed" type="pytest.skip">test_tc2.py:7: Not yet developed</skipped></testcase><testcase classname="test_tc2.Test_tc2" file="test_tc2.py" line="10" name="test_04" time="0.001"><skipped message="Not yet developed" type="pytest.skip">test_tc2.py:11: Not yet developed</skipped></testcase><testcase classname="test_tc2.Test_tc2" file="test_tc2.py" line="15" name="test_05" time="0.001"></testcase><testcase classname="test_tc2.Test_tc3" file="test_tc2.py" line="22" name="test_02" time="0.002"><system-out>test02
</system-out></testcase><testcase classname="test_tc2.Test_tc3" file="test_tc2.py" line="25" name="test_03" time="0.001"><skipped message="Not yet developed" type="pytest.skip">test_tc2.py:26: Not yet developed</skipped></testcase><testcase classname="test_tc2.Test_tc3" file="test_tc2.py" line="29" name="test_04" time="0.001"><skipped message="Not yet developed" type="pytest.skip">test_tc2.py:30: Not yet developed</skipped></testcase><testcase classname="test_tc2.Test_tc3" file="test_tc2.py" line="34" name="test_05" time="0.001"></testcase></testsuite></testsuites>